-- Logs begin at Fri 2022-07-08 03:01:33 IST, end at Fri 2022-07-08 07:57:30 IST. --
Jul 08 03:01:42 datacore-PowerEdge-R740 systemd[1]: Started Devstack devstack@c-vol.service.
Jul 08 03:01:44 datacore-PowerEdge-R740 cinder-volume[2368107]: DEBUG oslo_concurrency.lockutils [-] Acquired lock "singleton_lock" {{(pid=2368107) lock /usr/local/lib/python3.8/dist-packages/oslo_concurrency/lockutils.py:294}}
Jul 08 03:01:44 datacore-PowerEdge-R740 cinder-volume[2368107]: DEBUG oslo_concurrency.lockutils [-] Releasing lock "singleton_lock" {{(pid=2368107) lock /usr/local/lib/python3.8/dist-packages/oslo_concurrency/lockutils.py:312}}
Jul 08 03:01:45 datacore-PowerEdge-R740 cinder-volume[2368107]: INFO dbcounter [None req-707e26ca-7bba-4e05-9a2a-4799711ddbda None None] Registered counter for database cinder
Jul 08 03:01:45 datacore-PowerEdge-R740 cinder-volume[2368107]: DEBUG oslo_db.sqlalchemy.engines [None req-707e26ca-7bba-4e05-9a2a-4799711ddbda None None] MySQL server mode set to STRICT_TRANS_TABLES,STRICT_ALL_TABLES,NO_ZERO_IN_DATE,NO_ZERO_DATE,ERROR_FOR_DIVISION_BY_ZERO,TRADITIONAL,NO_ENGINE_SUBSTITUTION {{(pid=2368107) _check_effective_sql_mode /usr/local/lib/python3.8/dist-packages/oslo_db/sqlalchemy/engines.py:314}}
Jul 08 03:01:45 datacore-PowerEdge-R740 cinder-volume[2368107]: DEBUG dbcounter [-] [2368107] Writer thread running {{(pid=2368107) stat_writer /usr/local/lib/python3.8/dist-packages/dbcounter.py:99}}
Jul 08 03:01:45 datacore-PowerEdge-R740 cinder-volume[2368107]: INFO cinder.rpc [None req-707e26ca-7bba-4e05-9a2a-4799711ddbda None None] Automatically selected cinder-scheduler objects version 1.39 as minimum service version.
Jul 08 03:01:45 datacore-PowerEdge-R740 cinder-volume[2368107]: INFO cinder.rpc [None req-707e26ca-7bba-4e05-9a2a-4799711ddbda None None] Automatically selected cinder-scheduler RPC version 3.12 as minimum service version.
Jul 08 03:01:45 datacore-PowerEdge-R740 cinder-volume[2368107]: DEBUG oslo_db.sqlalchemy.engines [None req-707e26ca-7bba-4e05-9a2a-4799711ddbda None None] MySQL server mode set to STRICT_TRANS_TABLES,STRICT_ALL_TABLES,NO_ZERO_IN_DATE,NO_ZERO_DATE,ERROR_FOR_DIVISION_BY_ZERO,TRADITIONAL,NO_ENGINE_SUBSTITUTION {{(pid=2368107) _check_effective_sql_mode /usr/local/lib/python3.8/dist-packages/oslo_db/sqlalchemy/engines.py:314}}
Jul 08 03:01:45 datacore-PowerEdge-R740 cinder-volume[2368107]: INFO cinder.volume.manager [None req-707e26ca-7bba-4e05-9a2a-4799711ddbda None None] Determined volume DB was empty at startup.
Jul 08 03:01:45 datacore-PowerEdge-R740 cinder-volume[2368107]: DEBUG cinder.volume.manager [None req-707e26ca-7bba-4e05-9a2a-4799711ddbda None None] Cinder Volume DB check: vol_db_empty=True {{(pid=2368107) __init__ /opt/stack/cinder/cinder/volume/manager.py:290}}
Jul 08 03:01:45 datacore-PowerEdge-R740 cinder-volume[2368107]: WARNING stevedore.named [None req-707e26ca-7bba-4e05-9a2a-4799711ddbda None None] Could not load cinder.keymgr.conf_key_mgr.ConfKeyManager
Jul 08 03:01:45 datacore-PowerEdge-R740 cinder-volume[2368107]: WARNING castellan.key_manager [None req-707e26ca-7bba-4e05-9a2a-4799711ddbda None None] Deprecation Warning : cinder.keymgr.conf_key_mgr.ConfKeyManager is not a stevedore based driver, trying to load it as a class: stevedore.exception.NoMatches: No 'castellan.drivers' driver found, looking for 'cinder.keymgr.conf_key_mgr.ConfKeyManager'
Jul 08 03:01:45 datacore-PowerEdge-R740 cinder-volume[2368107]: WARNING cinder.keymgr.conf_key_mgr [None req-707e26ca-7bba-4e05-9a2a-4799711ddbda None None] This key manager is insecure and is not recommended for production deployments: stevedore.exception.NoMatches: No 'castellan.drivers' driver found, looking for 'cinder.keymgr.conf_key_mgr.ConfKeyManager'
Jul 08 03:01:45 datacore-PowerEdge-R740 cinder-volume[2368107]: ERROR cinder.cmd.volume [None req-707e26ca-7bba-4e05-9a2a-4799711ddbda None None] Volume service hostgroup@datacore_iscsi1 failed to start.: ModuleNotFoundError: No module named 'cinder.volume.drivers.datacore.iscsi'
Jul 08 03:01:45 datacore-PowerEdge-R740 cinder-volume[2368107]: ERROR cinder.cmd.volume Traceback (most recent call last):
Jul 08 03:01:45 datacore-PowerEdge-R740 cinder-volume[2368107]: ERROR cinder.cmd.volume   File "/opt/stack/cinder/cinder/cmd/volume.py", line 99, in _launch_service
Jul 08 03:01:45 datacore-PowerEdge-R740 cinder-volume[2368107]: ERROR cinder.cmd.volume     server = service.Service.create(host=host,
Jul 08 03:01:45 datacore-PowerEdge-R740 cinder-volume[2368107]: ERROR cinder.cmd.volume   File "/opt/stack/cinder/cinder/service.py", line 394, in create
Jul 08 03:01:45 datacore-PowerEdge-R740 cinder-volume[2368107]: ERROR cinder.cmd.volume     service_obj = cls(host, binary, topic, manager,
Jul 08 03:01:45 datacore-PowerEdge-R740 cinder-volume[2368107]: ERROR cinder.cmd.volume   File "/opt/stack/cinder/cinder/service.py", line 152, in __init__
Jul 08 03:01:45 datacore-PowerEdge-R740 cinder-volume[2368107]: ERROR cinder.cmd.volume     self.manager = manager_class(host=self.host,
Jul 08 03:01:45 datacore-PowerEdge-R740 cinder-volume[2368107]: ERROR cinder.cmd.volume   File "/opt/stack/cinder/cinder/volume/manager.py", line 313, in __init__
Jul 08 03:01:45 datacore-PowerEdge-R740 cinder-volume[2368107]: ERROR cinder.cmd.volume     self.driver = importutils.import_object(
Jul 08 03:01:45 datacore-PowerEdge-R740 cinder-volume[2368107]: ERROR cinder.cmd.volume   File "/usr/local/lib/python3.8/dist-packages/oslo_utils/importutils.py", line 44, in import_object
Jul 08 03:01:45 datacore-PowerEdge-R740 cinder-volume[2368107]: ERROR cinder.cmd.volume     return import_class(import_str)(*args, **kwargs)
Jul 08 03:01:45 datacore-PowerEdge-R740 cinder-volume[2368107]: ERROR cinder.cmd.volume   File "/usr/local/lib/python3.8/dist-packages/oslo_utils/importutils.py", line 30, in import_class
Jul 08 03:01:45 datacore-PowerEdge-R740 cinder-volume[2368107]: ERROR cinder.cmd.volume     __import__(mod_str)
Jul 08 03:01:45 datacore-PowerEdge-R740 cinder-volume[2368107]: ERROR cinder.cmd.volume ModuleNotFoundError: No module named 'cinder.volume.drivers.datacore.iscsi'
Jul 08 03:01:45 datacore-PowerEdge-R740 cinder-volume[2368107]: ERROR cinder.cmd.volume 
Jul 08 03:01:45 datacore-PowerEdge-R740 cinder-volume[2368107]: ERROR cinder.cmd.volume [None req-707e26ca-7bba-4e05-9a2a-4799711ddbda None None] No volume service(s) started successfully, terminating.
Jul 08 03:01:45 datacore-PowerEdge-R740 cinder-volume[2368107]: /usr/lib/python3/dist-packages/secretstorage/dhcrypto.py:15: CryptographyDeprecationWarning: int_from_bytes is deprecated, use int.from_bytes instead
Jul 08 03:01:45 datacore-PowerEdge-R740 cinder-volume[2368107]:   from cryptography.utils import int_from_bytes
Jul 08 03:01:45 datacore-PowerEdge-R740 cinder-volume[2368107]: /usr/lib/python3/dist-packages/secretstorage/util.py:19: CryptographyDeprecationWarning: int_from_bytes is deprecated, use int.from_bytes instead
Jul 08 03:01:45 datacore-PowerEdge-R740 cinder-volume[2368107]:   from cryptography.utils import int_from_bytes
Jul 08 03:01:45 datacore-PowerEdge-R740 cinder-volume[2368107]: /opt/stack/cinder/cinder/db/sqlalchemy/models.py:152: SAWarning: implicitly coercing SELECT object to scalar subquery; please use the .scalar_subquery() method to produce a scalar subquery.
Jul 08 03:01:45 datacore-PowerEdge-R740 cinder-volume[2368107]:   last_heartbeat = column_property(
Jul 08 03:01:45 datacore-PowerEdge-R740 cinder-volume[2368107]: /opt/stack/cinder/cinder/db/sqlalchemy/models.py:160: SAWarning: implicitly coercing SELECT object to scalar subquery; please use the .scalar_subquery() method to produce a scalar subquery.
Jul 08 03:01:45 datacore-PowerEdge-R740 cinder-volume[2368107]:   num_hosts = column_property(
Jul 08 03:01:45 datacore-PowerEdge-R740 cinder-volume[2368107]: /opt/stack/cinder/cinder/db/sqlalchemy/models.py:169: SAWarning: implicitly coercing SELECT object to scalar subquery; please use the .scalar_subquery() method to produce a scalar subquery.
Jul 08 03:01:45 datacore-PowerEdge-R740 cinder-volume[2368107]:   num_down_hosts = column_property(
Jul 08 03:01:45 datacore-PowerEdge-R740 systemd[1]: devstack@c-vol.service: Main process exited, code=exited, status=1/FAILURE
Jul 08 03:01:45 datacore-PowerEdge-R740 systemd[1]: devstack@c-vol.service: Failed with result 'exit-code'.
Jul 08 04:04:03 datacore-PowerEdge-R740 systemd[1]: Started Devstack devstack@c-vol.service.
Jul 08 04:04:05 datacore-PowerEdge-R740 cinder-volume[2377890]: /opt/stack/cinder/cinder/api/openstack/__init__.py:34: SyntaxWarning: "is" with a literal. Did you mean "=="?
Jul 08 04:04:05 datacore-PowerEdge-R740 cinder-volume[2377890]:   if url is "":
Jul 08 04:04:05 datacore-PowerEdge-R740 cinder-volume[2377890]: /opt/stack/cinder/cinder/utils.py:646: SyntaxWarning: "is not" with a literal. Did you mean "!="?
Jul 08 04:04:05 datacore-PowerEdge-R740 cinder-volume[2377890]:   if devpath[0] is not '/':
Jul 08 04:04:05 datacore-PowerEdge-R740 cinder-volume[2377890]: /usr/lib/python3/dist-packages/secretstorage/dhcrypto.py:15: CryptographyDeprecationWarning: int_from_bytes is deprecated, use int.from_bytes instead
Jul 08 04:04:05 datacore-PowerEdge-R740 cinder-volume[2377890]:   from cryptography.utils import int_from_bytes
Jul 08 04:04:05 datacore-PowerEdge-R740 cinder-volume[2377890]: /usr/lib/python3/dist-packages/secretstorage/util.py:19: CryptographyDeprecationWarning: int_from_bytes is deprecated, use int.from_bytes instead
Jul 08 04:04:05 datacore-PowerEdge-R740 cinder-volume[2377890]:   from cryptography.utils import int_from_bytes
Jul 08 04:04:05 datacore-PowerEdge-R740 cinder-volume[2377890]: Traceback (most recent call last):
Jul 08 04:04:05 datacore-PowerEdge-R740 cinder-volume[2377890]:   File "/opt/stack/cinder/cinder/objects/base.py", line 278, in cinder_ovo_cls_init
Jul 08 04:04:05 datacore-PowerEdge-R740 cinder-volume[2377890]:     cls.model = db.get_model_for_versioned_object(cls)
Jul 08 04:04:05 datacore-PowerEdge-R740 cinder-volume[2377890]:   File "/opt/stack/cinder/cinder/db/api.py", line 1790, in get_model_for_versioned_object
Jul 08 04:04:05 datacore-PowerEdge-R740 cinder-volume[2377890]:     return IMPL.get_model_for_versioned_object(versioned_object)
Jul 08 04:04:05 datacore-PowerEdge-R740 cinder-volume[2377890]:   File "/usr/local/lib/python3.8/dist-packages/oslo_db/api.py", line 267, in __getattr__
Jul 08 04:04:05 datacore-PowerEdge-R740 cinder-volume[2377890]:     self._load_backend()
Jul 08 04:04:05 datacore-PowerEdge-R740 cinder-volume[2377890]:   File "/usr/local/lib/python3.8/dist-packages/oslo_db/api.py", line 262, in _load_backend
Jul 08 04:04:05 datacore-PowerEdge-R740 cinder-volume[2377890]:     backend_mod = importutils.import_module(backend_path)
Jul 08 04:04:05 datacore-PowerEdge-R740 cinder-volume[2377890]:   File "/usr/local/lib/python3.8/dist-packages/oslo_utils/importutils.py", line 73, in import_module
Jul 08 04:04:05 datacore-PowerEdge-R740 cinder-volume[2377890]:     __import__(import_str)
Jul 08 04:04:05 datacore-PowerEdge-R740 cinder-volume[2377890]:   File "/opt/stack/cinder/cinder/db/sqlalchemy/api.py", line 44, in <module>
Jul 08 04:04:05 datacore-PowerEdge-R740 cinder-volume[2377890]:     from sqlalchemy.orm import joinedload, joinedload_all, undefer_group, load_only
Jul 08 04:04:05 datacore-PowerEdge-R740 cinder-volume[2377890]: ImportError: cannot import name 'joinedload_all' from 'sqlalchemy.orm' (/usr/local/lib/python3.8/dist-packages/sqlalchemy/orm/__init__.py)
Jul 08 04:04:05 datacore-PowerEdge-R740 cinder-volume[2377890]: During handling of the above exception, another exception occurred:
Jul 08 04:04:05 datacore-PowerEdge-R740 cinder-volume[2377890]: Traceback (most recent call last):
Jul 08 04:04:05 datacore-PowerEdge-R740 cinder-volume[2377890]:   File "/usr/local/bin/cinder-volume", line 10, in <module>
Jul 08 04:04:05 datacore-PowerEdge-R740 cinder-volume[2377890]:     sys.exit(main())
Jul 08 04:04:05 datacore-PowerEdge-R740 cinder-volume[2377890]:   File "/opt/stack/cinder/cinder/cmd/volume.py", line 174, in main
Jul 08 04:04:05 datacore-PowerEdge-R740 cinder-volume[2377890]:     objects.register_all()
Jul 08 04:04:05 datacore-PowerEdge-R740 cinder-volume[2377890]:   File "/opt/stack/cinder/cinder/objects/__init__.py", line 27, in register_all
Jul 08 04:04:05 datacore-PowerEdge-R740 cinder-volume[2377890]:     __import__('cinder.objects.backup')
Jul 08 04:04:05 datacore-PowerEdge-R740 cinder-volume[2377890]:   File "/opt/stack/cinder/cinder/objects/backup.py", line 33, in <module>
Jul 08 04:04:05 datacore-PowerEdge-R740 cinder-volume[2377890]:     class Backup(base.CinderPersistentObject, base.CinderObject,
Jul 08 04:04:05 datacore-PowerEdge-R740 cinder-volume[2377890]:   File "/usr/local/lib/python3.8/dist-packages/oslo_versionedobjects/base.py", line 139, in register
Jul 08 04:04:05 datacore-PowerEdge-R740 cinder-volume[2377890]:     registry._register_class(obj_cls)
Jul 08 04:04:05 datacore-PowerEdge-R740 cinder-volume[2377890]:   File "/usr/local/lib/python3.8/dist-packages/oslo_versionedobjects/base.py", line 134, in _register_class
Jul 08 04:04:05 datacore-PowerEdge-R740 cinder-volume[2377890]:     self.registration_hook(cls, 0)
Jul 08 04:04:05 datacore-PowerEdge-R740 cinder-volume[2377890]:   File "/opt/stack/cinder/cinder/objects/base.py", line 167, in registration_hook
Jul 08 04:04:05 datacore-PowerEdge-R740 cinder-volume[2377890]:     cls.cinder_ovo_cls_init()
Jul 08 04:04:05 datacore-PowerEdge-R740 cinder-volume[2377890]:   File "/opt/stack/cinder/cinder/objects/base.py", line 282, in cinder_ovo_cls_init
Jul 08 04:04:05 datacore-PowerEdge-R740 cinder-volume[2377890]:     raise exception.ProgrammingError(reason=msg)
Jul 08 04:04:05 datacore-PowerEdge-R740 cinder-volume[2377890]: cinder.exception.ProgrammingError: Programming error in Cinder: Couldn't find ORM model for Persistent Versioned Object Backup.
Jul 08 04:04:06 datacore-PowerEdge-R740 systemd[1]: devstack@c-vol.service: Main process exited, code=exited, status=1/FAILURE
Jul 08 04:04:06 datacore-PowerEdge-R740 systemd[1]: devstack@c-vol.service: Failed with result 'exit-code'.
