{0} tempest.api.volume.admin.test_backends_capabilities.BackendsCapabilitiesAdminTestsJSON.test_compare_volume_stats_values [0.690881s] ... ok
{0} tempest.api.volume.admin.test_backends_capabilities.BackendsCapabilitiesAdminTestsJSON.test_get_capabilities_backend [0.359713s] ... ok
{0} tempest.api.volume.admin.test_encrypted_volumes_extend.EncryptedVolumesExtendAttachedTest.test_extend_attached_encrypted_volume_luksv1 ... SKIPPED: Attached encrypted volume extend is disabled.
{0} tempest.api.volume.admin.test_encrypted_volumes_extend.EncryptedVolumesExtendAttachedTest.test_extend_attached_encrypted_volume_luksv2 ... SKIPPED: Attached encrypted volume extend is disabled.
{0} tempest.api.volume.admin.test_group_snapshots.GroupSnapshotsTest.test_create_group_from_group_snapshot [70.657927s] ... ok
{0} tempest.api.volume.admin.test_group_snapshots.GroupSnapshotsTest.test_delete_group_snapshots_following_updated_volumes [73.587543s] ... ok
{0} tempest.api.volume.admin.test_group_snapshots.GroupSnapshotsTest.test_group_snapshot_create_show_list_delete [30.246196s] ... ok
{0} tempest.api.volume.admin.test_group_snapshots.GroupSnapshotsV319Test.test_reset_group_snapshot_status [30.677240s] ... ok
{0} tempest.api.volume.admin.test_group_type_specs.GroupTypeSpecsTest.test_group_type_specs_create_show_update_list_delete [0.560360s] ... ok
{0} tempest.api.volume.admin.test_group_types.GroupTypesTest.test_group_type_create_list_update_show_delete [0.294708s] ... ok
{0} tempest.api.volume.admin.test_group_types.GroupTypesTest.test_group_type_list_by_optional_params [0.216160s] ... ok
{0} tempest.api.volume.admin.test_groups.GroupsTest.test_group_create_show_list_delete [26.688013s] ... ok
{0} tempest.api.volume.admin.test_groups.GroupsTest.test_group_update [37.098137s] ... ok
{0} tempest.api.volume.admin.test_groups.GroupsV314Test.test_create_group_from_group [31.888859s] ... ok
{0} tempest.api.volume.admin.test_groups.GroupsV320Test.test_reset_group_status [2.811426s] ... ok
{0} setUpClass (tempest.api.volume.admin.test_multi_backend.VolumeMultiBackendTest) ... SKIPPED: Cinder multi-backend feature disabled
{0} tempest.api.volume.admin.test_qos.QosSpecsTestJSON.test_associate_disassociate_qos [0.376599s] ... ok
{0} tempest.api.volume.admin.test_qos.QosSpecsTestJSON.test_create_delete_qos_with_back_end_consumer [0.123005s] ... ok
{0} tempest.api.volume.admin.test_qos.QosSpecsTestJSON.test_create_delete_qos_with_both_consumer [0.123124s] ... ok
{0} tempest.api.volume.admin.test_qos.QosSpecsTestJSON.test_create_delete_qos_with_front_end_consumer [0.107581s] ... ok
{0} tempest.api.volume.admin.test_qos.QosSpecsTestJSON.test_get_qos [0.019847s] ... ok
{0} tempest.api.volume.admin.test_qos.QosSpecsTestJSON.test_list_qos [0.024858s] ... ok
{0} tempest.api.volume.admin.test_qos.QosSpecsTestJSON.test_set_unset_qos_key [0.136797s] ... ok
{0} tempest.api.volume.admin.test_snapshot_manage.SnapshotManageAdminTest.test_unmanage_manage_snapshot [30.940596s] ... ok
{0} tempest.api.volume.admin.test_snapshots_actions.SnapshotsActionsTest.test_reset_snapshot_status [0.178304s] ... ok
{0} tempest.api.volume.admin.test_snapshots_actions.SnapshotsActionsTest.test_snapshot_force_delete_when_snapshot_is_creating [17.737827s] ... ok
{0} tempest.api.volume.admin.test_snapshots_actions.SnapshotsActionsTest.test_snapshot_force_delete_when_snapshot_is_deleting [17.780585s] ... ok
{0} tempest.api.volume.admin.test_snapshots_actions.SnapshotsActionsTest.test_snapshot_force_delete_when_snapshot_is_error [17.713854s] ... ok
{0} tempest.api.volume.admin.test_snapshots_actions.SnapshotsActionsTest.test_snapshot_force_delete_when_snapshot_is_error_deleting [17.689523s] ... ok
{0} tempest.api.volume.admin.test_snapshots_actions.SnapshotsActionsTest.test_update_snapshot_status [0.166747s] ... ok
{0} tempest.api.volume.admin.test_user_messages.UserMessagesTest.test_delete_message [1.598050s] ... ok
{0} tempest.api.volume.admin.test_user_messages.UserMessagesTest.test_list_show_messages [1.340547s] ... ok
{0} tempest.api.volume.admin.test_volume_hosts.VolumeHostsAdminTestsJSON.test_list_hosts [0.167700s] ... ok
{0} tempest.api.volume.admin.test_volume_hosts.VolumeHostsAdminTestsJSON.test_show_host [0.145534s] ... ok
{0} tempest.api.volume.admin.test_volume_manage.VolumeManageAdminTest.test_unmanage_manage_volume [14.481437s] ... ok
{0} tempest.api.volume.admin.test_volume_pools.VolumePoolsAdminTestsJSON.test_get_pools_with_details [0.141279s] ... ok
{0} tempest.api.volume.admin.test_volume_pools.VolumePoolsAdminTestsJSON.test_get_pools_without_details [0.044515s] ... ok
{0} tempest.api.volume.admin.test_volume_quota_classes.VolumeQuotaClassesTest.test_show_default_quota [0.132573s] ... ok
{0} tempest.api.volume.admin.test_volume_quota_classes.VolumeQuotaClassesTest.test_update_default_quota [0.548230s] ... ok
{0} tempest.api.volume.admin.test_volume_quotas.VolumeQuotasAdminTestJSON.test_delete_quota [0.223200s] ... ok
{0} tempest.api.volume.admin.test_volume_quotas.VolumeQuotasAdminTestJSON.test_list_default_quotas [0.031571s] ... ok
{0} tempest.api.volume.admin.test_volume_quotas.VolumeQuotasAdminTestJSON.test_list_quotas [0.034695s] ... ok
{0} tempest.api.volume.admin.test_volume_quotas.VolumeQuotasAdminTestJSON.test_quota_usage [22.362898s] ... ok
{0} tempest.api.volume.admin.test_volume_quotas.VolumeQuotasAdminTestJSON.test_quota_usage_after_volume_transfer [33.146116s] ... ok
{0} tempest.api.volume.admin.test_volume_quotas.VolumeQuotasAdminTestJSON.test_show_quota_usage [0.039648s] ... ok
{0} tempest.api.volume.admin.test_volume_quotas.VolumeQuotasAdminTestJSON.test_update_all_quota_resources_for_tenant [0.171259s] ... ok
{0} tempest.api.volume.admin.test_volume_quotas_negative.VolumeQuotasNegativeTestJSON.test_quota_volume_gigabytes [0.140036s] ... ok
{0} tempest.api.volume.admin.test_volume_quotas_negative.VolumeQuotasNegativeTestJSON.test_quota_volumes [0.168757s] ... ok
{0} tempest.api.volume.admin.test_volume_quotas_negative.VolumeQuotasNegativeTestJSON.test_volume_extend_gigabytes_quota_deviation [0.107177s] ... ok
{0} setUpClass (tempest.api.volume.admin.test_volume_retype.VolumeRetypeWithMigrationTest) ... SKIPPED: Cinder multi-backend feature disabled
{0} tempest.api.volume.admin.test_volume_retype.VolumeRetypeWithoutMigrationTest.test_available_volume_retype [12.004485s] ... ok
{0} tempest.api.volume.admin.test_volume_services.VolumesServicesTestJSON.test_get_service_by_host_name [0.019120s] ... ok
{0} tempest.api.volume.admin.test_volume_services.VolumesServicesTestJSON.test_get_service_by_service_and_host_name [0.022736s] ... ok
{0} tempest.api.volume.admin.test_volume_services.VolumesServicesTestJSON.test_get_service_by_service_binary_name [0.021034s] ... ok
{0} tempest.api.volume.admin.test_volume_services.VolumesServicesTestJSON.test_get_service_by_volume_host_name [10.956819s] ... ok
{0} tempest.api.volume.admin.test_volume_services.VolumesServicesTestJSON.test_list_services [0.025150s] ... ok
{0} tempest.api.volume.admin.test_volume_services_negative.VolumeServicesNegativeTest.test_disable_log_reason_with_no_reason [0.014057s] ... ok
{0} tempest.api.volume.admin.test_volume_services_negative.VolumeServicesNegativeTest.test_disable_service_with_invalid_binary [0.032324s] ... ok
{0} tempest.api.volume.admin.test_volume_services_negative.VolumeServicesNegativeTest.test_enable_service_with_invalid_host [0.024797s] ... ok
{0} tempest.api.volume.admin.test_volume_services_negative.VolumeServicesNegativeTest.test_freeze_host_with_invalid_host [0.021089s] ... ok
{0} tempest.api.volume.admin.test_volume_services_negative.VolumeServicesNegativeTest.test_thaw_host_with_invalid_host [0.026705s] ... ok
{0} tempest.api.volume.admin.test_volume_snapshot_quotas_negative.VolumeSnapshotQuotasNegativeTestJSON.test_quota_volume_gigabytes_snapshots [0.176061s] ... ok
{0} tempest.api.volume.admin.test_volume_snapshot_quotas_negative.VolumeSnapshotQuotasNegativeTestJSON.test_quota_volume_snapshots [0.046607s] ... ok
{0} tempest.api.volume.admin.test_volume_type_access.VolumeTypesAccessTest.test_volume_type_access_add [21.293532s] ... ok
{0} tempest.api.volume.admin.test_volume_type_access.VolumeTypesAccessTest.test_volume_type_access_list [0.139649s] ... ok
{0} tempest.api.volume.admin.test_volume_types.VolumeTypesTest.test_volume_crud_with_volume_type_and_extra_specs [22.422869s] ... ok
{0} tempest.api.volume.admin.test_volume_types.VolumeTypesTest.test_volume_type_create_get_delete [0.053658s] ... ok
{0} tempest.api.volume.admin.test_volume_types.VolumeTypesTest.test_volume_type_encryption_create_get_update_delete [0.239872s] ... ok
{0} tempest.api.volume.admin.test_volume_types.VolumeTypesTest.test_volume_type_list [0.033986s] ... ok
{0} tempest.api.volume.admin.test_volume_types.VolumeTypesTest.test_volume_type_update [0.093792s] ... ok
{0} tempest.api.volume.admin.test_volume_types_extra_specs.VolumeTypesExtraSpecsTest.test_volume_type_extra_spec_create_get_delete [0.155141s] ... ok
{0} tempest.api.volume.admin.test_volume_types_extra_specs.VolumeTypesExtraSpecsTest.test_volume_type_extra_specs_list [0.083714s] ... ok
{0} tempest.api.volume.admin.test_volume_types_extra_specs.VolumeTypesExtraSpecsTest.test_volume_type_extra_specs_update [0.197807s] ... ok
{0} tempest.api.volume.admin.test_volume_types_extra_specs_negative.ExtraSpecsNegativeTest.test_create_invalid_body [0.013630s] ... ok
{0} tempest.api.volume.admin.test_volume_types_extra_specs_negative.ExtraSpecsNegativeTest.test_create_none_body [0.012828s] ... ok
{0} tempest.api.volume.admin.test_volume_types_extra_specs_negative.ExtraSpecsNegativeTest.test_create_nonexistent_type_id [0.022067s] ... ok
{0} tempest.api.volume.admin.test_volume_types_extra_specs_negative.ExtraSpecsNegativeTest.test_delete_nonexistent_volume_type_id [0.014018s] ... ok
{0} tempest.api.volume.admin.test_volume_types_extra_specs_negative.ExtraSpecsNegativeTest.test_get_nonexistent_extra_spec_name [0.017927s] ... ok
{0} tempest.api.volume.admin.test_volume_types_extra_specs_negative.ExtraSpecsNegativeTest.test_get_nonexistent_volume_type_id [0.016046s] ... ok
{0} tempest.api.volume.admin.test_volume_types_extra_specs_negative.ExtraSpecsNegativeTest.test_list_nonexistent_volume_type_id [0.016374s] ... ok
{0} tempest.api.volume.admin.test_volume_types_extra_specs_negative.ExtraSpecsNegativeTest.test_update_multiple_extra_spec [0.015112s] ... ok
{0} tempest.api.volume.admin.test_volume_types_extra_specs_negative.ExtraSpecsNegativeTest.test_update_no_body [0.011988s] ... ok
{0} tempest.api.volume.admin.test_volume_types_extra_specs_negative.ExtraSpecsNegativeTest.test_update_none_extra_spec_id [0.038813s] ... ok
{0} tempest.api.volume.admin.test_volume_types_extra_specs_negative.ExtraSpecsNegativeTest.test_update_nonexistent_extra_spec_id [0.025837s] ... ok
{0} tempest.api.volume.admin.test_volume_types_extra_specs_negative.ExtraSpecsNegativeTest.test_update_nonexistent_type_id [0.038394s] ... ok
{0} tempest.api.volume.admin.test_volume_types_negative.VolumeTypesNegativeTest.test_create_volume_type_encryption_nonexistent_type_id [0.117346s] ... ok
{0} tempest.api.volume.admin.test_volume_types_negative.VolumeTypesNegativeTest.test_create_volume_with_private_volume_type [0.139869s] ... ok
{0} tempest.api.volume.admin.test_volume_types_negative.VolumeTypesNegativeTest.test_create_with_empty_name [0.014695s] ... ok
{0} tempest.api.volume.admin.test_volume_types_negative.VolumeTypesNegativeTest.test_create_with_repeated_name [0.045261s] ... ok
{0} tempest.api.volume.admin.test_volume_types_negative.VolumeTypesNegativeTest.test_delete_nonexistent_type_id [0.014419s] ... ok
{0} tempest.api.volume.admin.test_volume_types_negative.VolumeTypesNegativeTest.test_get_nonexistent_type_id [0.013216s] ... ok
{0} tempest.api.volume.admin.test_volumes_actions.VolumesActionsTest.test_force_detach_volume [22.615362s] ... ok
{0} tempest.api.volume.admin.test_volumes_actions.VolumesActionsTest.test_volume_force_delete_when_volume_is_attaching [22.162953s] ... ok
{0} tempest.api.volume.admin.test_volumes_actions.VolumesActionsTest.test_volume_force_delete_when_volume_is_creating [32.552084s] ... ok
{0} tempest.api.volume.admin.test_volumes_actions.VolumesActionsTest.test_volume_force_delete_when_volume_is_error [32.588690s] ... ok
{0} tempest.api.volume.admin.test_volumes_actions.VolumesActionsTest.test_volume_force_delete_when_volume_is_maintenance [31.571658s] ... ok
{0} tempest.api.volume.admin.test_volumes_actions.VolumesActionsTest.test_volume_reset_status [31.742547s] ... ok
{0} setUpClass (tempest.api.volume.admin.test_volumes_backup.VolumesBackupsAdminTest) ... SKIPPED: Cinder backup feature disabled
{0} tempest.api.volume.admin.test_volumes_list.VolumesListAdminTestJSON.test_volume_list_param_tenant [21.153158s] ... ok
{0} tempest.api.volume.test_availability_zone.AvailabilityZoneTestJSON.test_get_availability_zone_list [0.116446s] ... ok
{0} tempest.api.volume.test_extensions.ExtensionsTestJSON.test_list_extensions [0.145650s] ... ok
{0} tempest.api.volume.test_image_metadata.VolumesImageMetadata.test_update_show_delete_image_metadata [0.139572s] ... ok
{0} tempest.api.volume.test_snapshot_metadata.SnapshotMetadataTestJSON.test_crud_snapshot_metadata [0.205385s] ... ok
{0} tempest.api.volume.test_snapshot_metadata.SnapshotMetadataTestJSON.test_update_show_snapshot_metadata_item [0.186271s] ... ok
{0} tempest.api.volume.test_versions.VersionsTest.test_list_versions [0.008501s] ... ok
{0} tempest.api.volume.test_versions.VersionsTest.test_show_version [0.110004s] ... ok
{0} tempest.api.volume.test_volume_absolute_limits.AbsoluteLimitsTests.test_get_volume_absolute_limits [0.037606s] ... ok
{0} tempest.api.volume.test_volume_delete_cascade.VolumesDeleteCascade.test_volume_delete_cascade [65.866705s] ... ok
{0} tempest.api.volume.test_volume_delete_cascade.VolumesDeleteCascade.test_volume_from_snapshot_cascade_delete [55.586297s] ... ok
{0} tempest.api.volume.test_volume_metadata.VolumesMetadataTest.test_crud_volume_metadata [0.223781s] ... ok
{0} tempest.api.volume.test_volume_metadata.VolumesMetadataTest.test_update_show_volume_metadata_item [0.152025s] ... ok
{0} tempest.api.volume.test_volume_transfers.VolumesTransfersTest.test_create_get_list_accept_volume_transfer [12.485575s] ... ok
{0} tempest.api.volume.test_volume_transfers.VolumesTransfersTest.test_create_list_delete_volume_transfer [22.234959s] ... ok
{0} tempest.api.volume.test_volume_transfers.VolumesTransfersV355Test.test_create_get_list_accept_volume_transfer [21.974364s] ... ok
{0} tempest.api.volume.test_volume_transfers.VolumesTransfersV355Test.test_create_list_delete_volume_transfer [32.641800s] ... ok
{0} tempest.api.volume.test_volume_transfers.VolumesTransfersV357Test.test_create_get_list_accept_volume_transfer [33.170410s] ... ok
{0} tempest.api.volume.test_volume_transfers.VolumesTransfersV357Test.test_create_list_delete_volume_transfer [22.237690s] ... ok
{0} tempest.api.volume.test_volumes_actions.VolumesActionsTest.test_attach_detach_volume_to_instance [8.483750s] ... ok
{0} tempest.api.volume.test_volumes_actions.VolumesActionsTest.test_get_volume_attachment [6.780793s] ... ok
{0} tempest.api.volume.test_volumes_actions.VolumesActionsTest.test_reserve_unreserve_volume [0.152429s] ... ok
{0} tempest.api.volume.test_volumes_actions.VolumesActionsTest.test_volume_bootable [0.136749s] ... ok
{0} tempest.api.volume.test_volumes_actions.VolumesActionsTest.test_volume_readonly_update [0.150615s] ... ok
{0} tempest.api.volume.test_volumes_actions.VolumesActionsTest.test_volume_upload [11.289115s] ... ok
{0} setUpClass (tempest.api.volume.test_volumes_backup.VolumesBackupsTest) ... SKIPPED: Cinder backup feature disabled
{0} setUpClass (tempest.api.volume.test_volumes_backup.VolumesBackupsV39Test) ... SKIPPED: Cinder backup feature disabled
{0} tempest.api.volume.test_volumes_clone.VolumesCloneTest.test_create_from_bootable_volume [46.466079s] ... ok
{0} tempest.api.volume.test_volumes_clone.VolumesCloneTest.test_create_from_volume [78.537384s] ... ok
{0} tempest.api.volume.test_volumes_clone_negative.VolumesCloneNegativeTest.test_create_from_volume_decreasing_size [10.703008s] ... ok
{0} tempest.api.volume.test_volumes_extend.VolumesExtendAttachedTest.test_extend_attached_volume ... SKIPPED: Attached volume extend is disabled.
{0} tempest.api.volume.test_volumes_extend.VolumesExtendTest.test_volume_extend [58.938199s] ... ok
{0} tempest.api.volume.test_volumes_extend.VolumesExtendTest.test_volume_extend_when_volume_has_snapshot [38.655964s] ... ok
{0} tempest.api.volume.test_volumes_get.VolumesGetTest.test_volume_create_get_update_delete [34.052248s] ... ok
{0} tempest.api.volume.test_volumes_get.VolumesGetTest.test_volume_create_get_update_delete_as_clone [40.370694s] ... ok
{0} tempest.api.volume.test_volumes_get.VolumesGetTest.test_volume_create_get_update_delete_from_image [41.432183s] ... ok
{0} tempest.api.volume.test_volumes_get.VolumesSummaryTest.test_show_volume_summary [0.130249s] ... ok
{0} tempest.api.volume.test_volumes_list.VolumesListTestJSON.test_volume_list [0.044500s] ... ok
{0} tempest.api.volume.test_volumes_list.VolumesListTestJSON.test_volume_list_by_name [0.045453s] ... ok
{0} tempest.api.volume.test_volumes_list.VolumesListTestJSON.test_volume_list_details_by_name [0.053381s] ... ok
{0} tempest.api.volume.test_volumes_list.VolumesListTestJSON.test_volume_list_details_pagination [0.232349s] ... ok
{0} tempest.api.volume.test_volumes_list.VolumesListTestJSON.test_volume_list_details_with_multiple_params [0.113533s] ... ok
{0} tempest.api.volume.test_volumes_list.VolumesListTestJSON.test_volume_list_pagination [0.184392s] ... ok
{0} tempest.api.volume.test_volumes_list.VolumesListTestJSON.test_volume_list_param_display_name_and_status [0.051012s] ... ok
{0} tempest.api.volume.test_volumes_list.VolumesListTestJSON.test_volume_list_with_detail_param_display_name_and_status [0.054141s] ... ok
{0} tempest.api.volume.test_volumes_list.VolumesListTestJSON.test_volume_list_with_detail_param_marker [0.051917s] ... ok
{0} tempest.api.volume.test_volumes_list.VolumesListTestJSON.test_volume_list_with_detail_param_metadata [0.061030s] ... ok
{0} tempest.api.volume.test_volumes_list.VolumesListTestJSON.test_volume_list_with_details [0.056724s] ... ok
{0} tempest.api.volume.test_volumes_list.VolumesListTestJSON.test_volume_list_with_param_metadata [0.053944s] ... ok
{0} tempest.api.volume.test_volumes_list.VolumesListTestJSON.test_volumes_list_by_availability_zone [0.092144s] ... ok
{0} tempest.api.volume.test_volumes_list.VolumesListTestJSON.test_volumes_list_by_bootable [0.090010s] ... ok
{0} tempest.api.volume.test_volumes_list.VolumesListTestJSON.test_volumes_list_by_status [0.100940s] ... ok
{0} tempest.api.volume.test_volumes_list.VolumesListTestJSON.test_volumes_list_details_by_availability_zone [0.056365s] ... ok
{0} tempest.api.volume.test_volumes_list.VolumesListTestJSON.test_volumes_list_details_by_bootable [0.052949s] ... ok
{0} tempest.api.volume.test_volumes_list.VolumesListTestJSON.test_volumes_list_details_by_status [0.057037s] ... ok
{0} tempest.api.volume.test_volumes_negative.VolumesNegativeTest.test_attach_volumes_with_nonexistent_volume_id [60.108003s] ... FAILED

Captured traceback:
~~~~~~~~~~~~~~~~~~~
    Traceback (most recent call last):

      File "/usr/local/lib/python3.8/dist-packages/urllib3/connectionpool.py", line 449, in _make_request
    six.raise_from(e, None)

      File "<string>", line 3, in raise_from

      File "/usr/local/lib/python3.8/dist-packages/urllib3/connectionpool.py", line 444, in _make_request
    httplib_response = conn.getresponse()

      File "/usr/lib/python3.8/http/client.py", line 1348, in getresponse
    response.begin()

      File "/usr/lib/python3.8/http/client.py", line 316, in begin
    version, status, reason = self._read_status()

      File "/usr/lib/python3.8/http/client.py", line 277, in _read_status
    line = str(self.fp.readline(_MAXLINE + 1), "iso-8859-1")

      File "/usr/lib/python3.8/socket.py", line 669, in readinto
    return self._sock.recv_into(b)

    socket.timeout: timed out

    
During handling of the above exception, another exception occurred:


    Traceback (most recent call last):

      File "/opt/stack/tempest/tempest/common/utils/__init__.py", line 70, in wrapper
    return f(*func_args, **func_kwargs)

      File "/opt/stack/tempest/tempest/api/volume/test_volumes_negative.py", line 179, in test_attach_volumes_with_nonexistent_volume_id
    server = self.create_server()

      File "/opt/stack/tempest/tempest/api/volume/base.py", line 204, in create_server
    body, _ = compute.create_test_server(

      File "/opt/stack/tempest/tempest/common/compute.py", line 285, in create_test_server
    body = clients.servers_client.create_server(name=name, imageRef=image_id,

      File "/opt/stack/tempest/tempest/lib/services/compute/servers_client.py", line 115, in create_server
    resp, body = self.post('servers', post_body)

      File "/opt/stack/tempest/tempest/lib/common/rest_client.py", line 299, in post
    return self.request('POST', url, extra_headers, headers, body, chunked)

      File "/opt/stack/tempest/tempest/lib/services/compute/base_compute_client.py", line 47, in request
    resp, resp_body = super(BaseComputeClient, self).request(

      File "/opt/stack/tempest/tempest/lib/common/rest_client.py", line 704, in request
    resp, resp_body = self._request(method, url, headers=headers,

      File "/opt/stack/tempest/tempest/lib/common/rest_client.py", line 583, in _request
    resp, resp_body = self.raw_request(

      File "/opt/stack/tempest/tempest/lib/common/rest_client.py", line 623, in raw_request
    resp, resp_body = self.http_obj.request(

      File "/opt/stack/tempest/tempest/lib/common/http.py", line 110, in request
    r = super(ClosingHttp, self).request(method, url, retries=retry,

      File "/usr/local/lib/python3.8/dist-packages/urllib3/request.py", line 78, in request
    return self.request_encode_body(

      File "/usr/local/lib/python3.8/dist-packages/urllib3/request.py", line 170, in request_encode_body
    return self.urlopen(method, url, **extra_kw)

      File "/usr/local/lib/python3.8/dist-packages/urllib3/poolmanager.py", line 376, in urlopen
    response = conn.urlopen(method, u.request_uri, **kw)

      File "/usr/local/lib/python3.8/dist-packages/urllib3/connectionpool.py", line 787, in urlopen
    retries = retries.increment(

      File "/usr/local/lib/python3.8/dist-packages/urllib3/util/retry.py", line 550, in increment
    raise six.reraise(type(error), error, _stacktrace)

      File "/usr/local/lib/python3.8/dist-packages/urllib3/packages/six.py", line 770, in reraise
    raise value

      File "/usr/local/lib/python3.8/dist-packages/urllib3/connectionpool.py", line 703, in urlopen
    httplib_response = self._make_request(

      File "/usr/local/lib/python3.8/dist-packages/urllib3/connectionpool.py", line 451, in _make_request
    self._raise_timeout(err=e, url=url, timeout_value=read_timeout)

      File "/usr/local/lib/python3.8/dist-packages/urllib3/connectionpool.py", line 340, in _raise_timeout
    raise ReadTimeoutError(

    urllib3.exceptions.ReadTimeoutError: HTTPConnectionPool(host='10.200.2.118', port=80): Read timed out. (read timeout=60)


Captured pythonlogging:
~~~~~~~~~~~~~~~~~~~~~~~
    2022-09-22 20:47:34,889 4034425 INFO     [tempest.lib.common.rest_client] Request (VolumesNegativeTest:test_attach_volumes_with_nonexistent_volume_id): 201 POST http://10.200.2.118/identity/v3/auth/tokens 0.032s
2022-09-22 20:47:34,889 4034425 DEBUG    [tempest.lib.common.rest_client] Request - Headers: {'Content-Type': 'application/json', 'Accept': 'application/json'}
        Body: <omitted>
    Response - Headers: {'date': 'Thu, 22 Sep 2022 15:17:34 GMT', 'server': 'Apache/2.4.41 (Ubuntu)', 'content-type': 'application/json', 'content-length': '2820', 'x-subject-token': '<omitted>', 'vary': 'X-Auth-Token', 'x-openstack-request-id': 'req-bfb6323f-7a33-4b2c-b912-f3e71c486b46', 'connection': 'close', 'status': '201', 'content-location': 'http://10.200.2.118/identity/v3/auth/tokens'}
        Body: b'{"token": {"methods": ["password"], "user": {"domain": {"id": "default", "name": "Default"}, "id": "99f50419574b45cfb0c6dd15aaafda35", "name": "tempest-VolumesNegativeTest-1913674323-project", "password_expires_at": null}, "audit_ids": ["V7Kp6NLpR021gbVuNZXiHw"], "expires_at": "2022-09-22T16:17:34.000000Z", "issued_at": "2022-09-22T15:17:34.000000Z", "project": {"domain": {"id": "default", "name": "Default"}, "id": "1fb199ee64bc41249ab27e5b4f6eb66b", "name": "tempest-VolumesNegativeTest-1913674323"}, "is_domain": false, "roles": [{"id": "b2e8afc053674b6587f52a4da09e4b90", "name": "member"}, {"id": "c0e0a16348da48acae201732320fe7d0", "name": "reader"}], "catalog": [{"endpoints": [{"id": "67ba88d693b9481883928af6e448ef3e", "interface": "public", "region_id": "RegionOne", "url": "http://10.200.2.118:9696/networking", "region": "RegionOne"}], "id": "0149b444b70b4d26ba1a0f195a984683", "type": "network", "name": "neutron"}, {"endpoints": [{"id": "e7f507bfe6bf4726abd6075e8f5d6d75", "interface": "public", "region_id": "RegionOne", "url": "http://10.200.2.118/compute/v2.1", "region": "RegionOne"}], "id": "0ebcc8c5bd9749f39939cc38caf71e7e", "type": "compute", "name": "nova"}, {"endpoints": [{"id": "1dfc896dfb1f4f80b0ae710e5243918b", "interface": "public", "region_id": "RegionOne", "url": "http://10.200.2.118/compute/v2/1fb199ee64bc41249ab27e5b4f6eb66b", "region": "RegionOne"}], "id": "823aee4f3c81404db79c77a5ee57adc8", "type": "compute_legacy", "name": "nova_legacy"}, {"endpoints": [{"id": "84aafde7ac0d4c46a214af55742f0c48", "interface": "public", "region_id": "RegionOne", "url": "http://10.200.2.118/identity", "region": "RegionOne"}], "id": "8ce5bc8cf60b4facb0542c4a2ea47dcd", "type": "identity", "name": "keystone"}, {"endpoints": [{"id": "075304d7af0b40b9a0c68777b6de049f", "interface": "public", "region_id": "RegionOne", "url": "http://10.200.2.118/image", "region": "RegionOne"}], "id": "9389f78965314b90a351f434ad88b90e", "type": "image", "name": "glance"}, {"endpoints": [{"id": "d076564a7a1e4ee7bc0a883f16c2f4d4", "interface": "public", "region_id": "RegionOne", "url": "http://10.200.2.118/volume/v3/1fb199ee64bc41249ab27e5b4f6eb66b", "region": "RegionOne"}], "id": "e0e9819abdd2467ab7f908d9102f638a", "type": "block-storage", "name": "cinder"}, {"endpoints": [{"id": "ebd3a2b06c5342d69cc7bdd30a42c6c0", "interface": "public", "region_id": "RegionOne", "url": "http://10.200.2.118/placement", "region": "RegionOne"}], "id": "e3c7a0b4085e409b8fa16439a047847e", "type": "placement", "name": "placement"}, {"endpoints": [{"id": "950b0b0450994d8f812c7faef7f3fe3c", "interface": "public", "region_id": "RegionOne", "url": "http://10.200.2.118/volume/v3/1fb199ee64bc41249ab27e5b4f6eb66b", "region": "RegionOne"}], "id": "e51059285ce9441aa70fdc323e2c0505", "type": "volumev3", "name": "cinderv3"}]}}'
2022-09-22 20:47:34,890 4034425 INFO     [tempest.lib.common.fixed_network] (VolumesNegativeTest:test_attach_volumes_with_nonexistent_volume_id) Found network None available for tenant

{0} tempest.api.volume.test_volumes_negative.VolumesNegativeTest.test_create_volume_from_deactivated_image [1.773559s] ... ok
{0} tempest.api.volume.test_volumes_negative.VolumesNegativeTest.test_create_volume_from_image_with_decreasing_size [1.598725s] ... ok
{0} tempest.api.volume.test_volumes_negative.VolumesNegativeTest.test_create_volume_with_invalid_size [0.017528s] ... ok
{0} tempest.api.volume.test_volumes_negative.VolumesNegativeTest.test_create_volume_with_nonexistent_snapshot_id [0.023536s] ... ok
{0} tempest.api.volume.test_volumes_negative.VolumesNegativeTest.test_create_volume_with_nonexistent_source_volid [0.028425s] ... ok
{0} tempest.api.volume.test_volumes_negative.VolumesNegativeTest.test_create_volume_with_nonexistent_volume_type [0.027577s] ... ok
{0} tempest.api.volume.test_volumes_negative.VolumesNegativeTest.test_create_volume_with_size_negative [0.013022s] ... ok
{0} tempest.api.volume.test_volumes_negative.VolumesNegativeTest.test_create_volume_with_size_zero [0.018742s] ... ok
{0} tempest.api.volume.test_volumes_negative.VolumesNegativeTest.test_create_volume_without_passing_size [0.016303s] ... ok
{0} tempest.api.volume.test_volumes_negative.VolumesNegativeTest.test_delete_invalid_volume_id [0.019194s] ... ok
{0} tempest.api.volume.test_volumes_negative.VolumesNegativeTest.test_delete_volume_without_passing_volume_id [0.009804s] ... ok
{0} tempest.api.volume.test_volumes_negative.VolumesNegativeTest.test_detach_volumes_with_invalid_volume_id [0.024357s] ... ok
{0} tempest.api.volume.test_volumes_negative.VolumesNegativeTest.test_get_invalid_volume_id [0.018740s] ... ok
{0} tempest.api.volume.test_volumes_negative.VolumesNegativeTest.test_get_volume_without_passing_volume_id [0.006930s] ... ok
{0} tempest.api.volume.test_volumes_negative.VolumesNegativeTest.test_list_volumes_detail_with_invalid_status [0.048999s] ... ok
{0} tempest.api.volume.test_volumes_negative.VolumesNegativeTest.test_list_volumes_detail_with_nonexistent_name [0.059250s] ... ok
{0} tempest.api.volume.test_volumes_negative.VolumesNegativeTest.test_list_volumes_with_invalid_status [0.032891s] ... ok
{0} tempest.api.volume.test_volumes_negative.VolumesNegativeTest.test_list_volumes_with_nonexistent_name [0.047089s] ... ok
{0} tempest.api.volume.test_volumes_negative.VolumesNegativeTest.test_reserve_volume_with_negative_volume_status [0.084499s] ... ok
{0} tempest.api.volume.test_volumes_negative.VolumesNegativeTest.test_reserve_volume_with_nonexistent_volume_id [0.019941s] ... ok
{0} tempest.api.volume.test_volumes_negative.VolumesNegativeTest.test_unreserve_volume_with_nonexistent_volume_id [0.018008s] ... ok
{0} tempest.api.volume.test_volumes_negative.VolumesNegativeTest.test_update_volume_with_empty_volume_id [0.009316s] ... ok
{0} tempest.api.volume.test_volumes_negative.VolumesNegativeTest.test_update_volume_with_invalid_volume_id [0.022768s] ... ok
{0} tempest.api.volume.test_volumes_negative.VolumesNegativeTest.test_update_volume_with_nonexistent_volume_id [0.026109s] ... ok
{0} tempest.api.volume.test_volumes_negative.VolumesNegativeTest.test_volume_delete_nonexistent_volume_id [0.014742s] ... ok
{0} tempest.api.volume.test_volumes_negative.VolumesNegativeTest.test_volume_extend_with_None_size [0.012353s] ... ok
{0} tempest.api.volume.test_volumes_negative.VolumesNegativeTest.test_volume_extend_with_non_number_size [0.008123s] ... ok
{0} tempest.api.volume.test_volumes_negative.VolumesNegativeTest.test_volume_extend_with_nonexistent_volume_id [0.028314s] ... ok
{0} tempest.api.volume.test_volumes_negative.VolumesNegativeTest.test_volume_extend_with_size_smaller_than_original_size [0.014844s] ... ok
{0} tempest.api.volume.test_volumes_negative.VolumesNegativeTest.test_volume_extend_without_passing_volume_id [0.024320s] ... ok
{0} tempest.api.volume.test_volumes_negative.VolumesNegativeTest.test_volume_get_nonexistent_volume_id [0.017460s] ... ok
{0} tempest.api.volume.test_volumes_snapshots.VolumesSnapshotTestJSON.test_snapshot_backup ... SKIPPED: Cinder backup is disabled
{0} tempest.api.volume.test_volumes_snapshots.VolumesSnapshotTestJSON.test_snapshot_create_delete_with_volume_in_use [86.810030s] ... ok
{0} tempest.api.volume.test_volumes_snapshots.VolumesSnapshotTestJSON.test_snapshot_create_get_list_update_delete [17.759061s] ... ok
{0} tempest.api.volume.test_volumes_snapshots.VolumesSnapshotTestJSON.test_snapshot_create_offline_delete_online [64.847194s] ... ok
{0} tempest.api.volume.test_volumes_snapshots.VolumesSnapshotTestJSON.test_volume_from_snapshot [75.341004s] ... ok
{0} tempest.api.volume.test_volumes_snapshots.VolumesSnapshotTestJSON.test_volume_from_snapshot_no_size [65.895630s] ... ok
{0} tempest.api.volume.test_volumes_snapshots_list.VolumesSnapshotListTestJSON.test_snapshot_list_param_limit [0.017273s] ... ok
{0} tempest.api.volume.test_volumes_snapshots_list.VolumesSnapshotListTestJSON.test_snapshot_list_param_limit_equals_infinite [0.044842s] ... ok
{0} tempest.api.volume.test_volumes_snapshots_list.VolumesSnapshotListTestJSON.test_snapshot_list_param_limit_equals_zero [0.028166s] ... ok
{0} tempest.api.volume.test_volumes_snapshots_list.VolumesSnapshotListTestJSON.test_snapshot_list_param_marker [0.067780s] ... ok
{0} tempest.api.volume.test_volumes_snapshots_list.VolumesSnapshotListTestJSON.test_snapshot_list_param_offset [0.038685s] ... ok
{0} tempest.api.volume.test_volumes_snapshots_list.VolumesSnapshotListTestJSON.test_snapshot_list_param_sort_created_at_asc [0.032613s] ... ok
{0} tempest.api.volume.test_volumes_snapshots_list.VolumesSnapshotListTestJSON.test_snapshot_list_param_sort_created_at_desc [0.037116s] ... ok
{0} tempest.api.volume.test_volumes_snapshots_list.VolumesSnapshotListTestJSON.test_snapshot_list_param_sort_id_asc [0.029950s] ... ok
{0} tempest.api.volume.test_volumes_snapshots_list.VolumesSnapshotListTestJSON.test_snapshot_list_param_sort_id_desc [0.027760s] ... ok
{0} tempest.api.volume.test_volumes_snapshots_list.VolumesSnapshotListTestJSON.test_snapshot_list_param_sort_name_asc [0.028776s] ... ok
{0} tempest.api.volume.test_volumes_snapshots_list.VolumesSnapshotListTestJSON.test_snapshot_list_param_sort_name_desc [0.029479s] ... ok
{0} tempest.api.volume.test_volumes_snapshots_list.VolumesSnapshotListTestJSON.test_snapshots_list_details_with_params [0.089384s] ... ok
{0} tempest.api.volume.test_volumes_snapshots_list.VolumesSnapshotListTestJSON.test_snapshots_list_with_params [0.088135s] ... ok
{0} tempest.api.volume.test_volumes_snapshots_negative.VolumesSnapshotNegativeTestJSON.test_create_snapshot_with_nonexistent_volume_id [0.118800s] ... ok
{0} tempest.api.volume.test_volumes_snapshots_negative.VolumesSnapshotNegativeTestJSON.test_create_snapshot_without_passing_volume_id [0.043175s] ... ok
{0} tempest.api.volume.test_volumes_snapshots_negative.VolumesSnapshotNegativeTestJSON.test_list_snapshot_invalid_param_limit [0.013142s] ... ok
{0} tempest.api.volume.test_volumes_snapshots_negative.VolumesSnapshotNegativeTestJSON.test_list_snapshots_invalid_param_marker [0.018348s] ... ok
{0} tempest.api.volume.test_volumes_snapshots_negative.VolumesSnapshotNegativeTestJSON.test_list_snapshots_invalid_param_sort [0.016687s] ... ok
{0} tempest.api.volume.test_volumes_snapshots_negative.VolumesSnapshotNegativeTestJSON.test_volume_from_snapshot_decreasing_size [37.471884s] ... ok

==============================
Failed 1 tests - output below:
==============================

tempest.api.volume.test_volumes_negative.VolumesNegativeTest.test_attach_volumes_with_nonexistent_volume_id[compute,id-f5e56b0a-5d02-43c1-a2a7-c9b792c2e3f6,negative]
---------------------------------------------------------------------------------------------------------------------------------------------------------------------

Captured traceback:
~~~~~~~~~~~~~~~~~~~
    Traceback (most recent call last):

      File "/usr/local/lib/python3.8/dist-packages/urllib3/connectionpool.py", line 449, in _make_request
    six.raise_from(e, None)

      File "<string>", line 3, in raise_from

      File "/usr/local/lib/python3.8/dist-packages/urllib3/connectionpool.py", line 444, in _make_request
    httplib_response = conn.getresponse()

      File "/usr/lib/python3.8/http/client.py", line 1348, in getresponse
    response.begin()

      File "/usr/lib/python3.8/http/client.py", line 316, in begin
    version, status, reason = self._read_status()

      File "/usr/lib/python3.8/http/client.py", line 277, in _read_status
    line = str(self.fp.readline(_MAXLINE + 1), "iso-8859-1")

      File "/usr/lib/python3.8/socket.py", line 669, in readinto
    return self._sock.recv_into(b)

    socket.timeout: timed out

    
During handling of the above exception, another exception occurred:


    Traceback (most recent call last):

      File "/opt/stack/tempest/tempest/common/utils/__init__.py", line 70, in wrapper
    return f(*func_args, **func_kwargs)

      File "/opt/stack/tempest/tempest/api/volume/test_volumes_negative.py", line 179, in test_attach_volumes_with_nonexistent_volume_id
    server = self.create_server()

      File "/opt/stack/tempest/tempest/api/volume/base.py", line 204, in create_server
    body, _ = compute.create_test_server(

      File "/opt/stack/tempest/tempest/common/compute.py", line 285, in create_test_server
    body = clients.servers_client.create_server(name=name, imageRef=image_id,

      File "/opt/stack/tempest/tempest/lib/services/compute/servers_client.py", line 115, in create_server
    resp, body = self.post('servers', post_body)

      File "/opt/stack/tempest/tempest/lib/common/rest_client.py", line 299, in post
    return self.request('POST', url, extra_headers, headers, body, chunked)

      File "/opt/stack/tempest/tempest/lib/services/compute/base_compute_client.py", line 47, in request
    resp, resp_body = super(BaseComputeClient, self).request(

      File "/opt/stack/tempest/tempest/lib/common/rest_client.py", line 704, in request
    resp, resp_body = self._request(method, url, headers=headers,

      File "/opt/stack/tempest/tempest/lib/common/rest_client.py", line 583, in _request
    resp, resp_body = self.raw_request(

      File "/opt/stack/tempest/tempest/lib/common/rest_client.py", line 623, in raw_request
    resp, resp_body = self.http_obj.request(

      File "/opt/stack/tempest/tempest/lib/common/http.py", line 110, in request
    r = super(ClosingHttp, self).request(method, url, retries=retry,

      File "/usr/local/lib/python3.8/dist-packages/urllib3/request.py", line 78, in request
    return self.request_encode_body(

      File "/usr/local/lib/python3.8/dist-packages/urllib3/request.py", line 170, in request_encode_body
    return self.urlopen(method, url, **extra_kw)

      File "/usr/local/lib/python3.8/dist-packages/urllib3/poolmanager.py", line 376, in urlopen
    response = conn.urlopen(method, u.request_uri, **kw)

      File "/usr/local/lib/python3.8/dist-packages/urllib3/connectionpool.py", line 787, in urlopen
    retries = retries.increment(

      File "/usr/local/lib/python3.8/dist-packages/urllib3/util/retry.py", line 550, in increment
    raise six.reraise(type(error), error, _stacktrace)

      File "/usr/local/lib/python3.8/dist-packages/urllib3/packages/six.py", line 770, in reraise
    raise value

      File "/usr/local/lib/python3.8/dist-packages/urllib3/connectionpool.py", line 703, in urlopen
    httplib_response = self._make_request(

      File "/usr/local/lib/python3.8/dist-packages/urllib3/connectionpool.py", line 451, in _make_request
    self._raise_timeout(err=e, url=url, timeout_value=read_timeout)

      File "/usr/local/lib/python3.8/dist-packages/urllib3/connectionpool.py", line 340, in _raise_timeout
    raise ReadTimeoutError(

    urllib3.exceptions.ReadTimeoutError: HTTPConnectionPool(host='10.200.2.118', port=80): Read timed out. (read timeout=60)


Captured pythonlogging:
~~~~~~~~~~~~~~~~~~~~~~~
    2022-09-22 20:47:34,889 4034425 INFO     [tempest.lib.common.rest_client] Request (VolumesNegativeTest:test_attach_volumes_with_nonexistent_volume_id): 201 POST http://10.200.2.118/identity/v3/auth/tokens 0.032s
2022-09-22 20:47:34,889 4034425 DEBUG    [tempest.lib.common.rest_client] Request - Headers: {'Content-Type': 'application/json', 'Accept': 'application/json'}
        Body: <omitted>
    Response - Headers: {'date': 'Thu, 22 Sep 2022 15:17:34 GMT', 'server': 'Apache/2.4.41 (Ubuntu)', 'content-type': 'application/json', 'content-length': '2820', 'x-subject-token': '<omitted>', 'vary': 'X-Auth-Token', 'x-openstack-request-id': 'req-bfb6323f-7a33-4b2c-b912-f3e71c486b46', 'connection': 'close', 'status': '201', 'content-location': 'http://10.200.2.118/identity/v3/auth/tokens'}
        Body: b'{"token": {"methods": ["password"], "user": {"domain": {"id": "default", "name": "Default"}, "id": "99f50419574b45cfb0c6dd15aaafda35", "name": "tempest-VolumesNegativeTest-1913674323-project", "password_expires_at": null}, "audit_ids": ["V7Kp6NLpR021gbVuNZXiHw"], "expires_at": "2022-09-22T16:17:34.000000Z", "issued_at": "2022-09-22T15:17:34.000000Z", "project": {"domain": {"id": "default", "name": "Default"}, "id": "1fb199ee64bc41249ab27e5b4f6eb66b", "name": "tempest-VolumesNegativeTest-1913674323"}, "is_domain": false, "roles": [{"id": "b2e8afc053674b6587f52a4da09e4b90", "name": "member"}, {"id": "c0e0a16348da48acae201732320fe7d0", "name": "reader"}], "catalog": [{"endpoints": [{"id": "67ba88d693b9481883928af6e448ef3e", "interface": "public", "region_id": "RegionOne", "url": "http://10.200.2.118:9696/networking", "region": "RegionOne"}], "id": "0149b444b70b4d26ba1a0f195a984683", "type": "network", "name": "neutron"}, {"endpoints": [{"id": "e7f507bfe6bf4726abd6075e8f5d6d75", "interface": "public", "region_id": "RegionOne", "url": "http://10.200.2.118/compute/v2.1", "region": "RegionOne"}], "id": "0ebcc8c5bd9749f39939cc38caf71e7e", "type": "compute", "name": "nova"}, {"endpoints": [{"id": "1dfc896dfb1f4f80b0ae710e5243918b", "interface": "public", "region_id": "RegionOne", "url": "http://10.200.2.118/compute/v2/1fb199ee64bc41249ab27e5b4f6eb66b", "region": "RegionOne"}], "id": "823aee4f3c81404db79c77a5ee57adc8", "type": "compute_legacy", "name": "nova_legacy"}, {"endpoints": [{"id": "84aafde7ac0d4c46a214af55742f0c48", "interface": "public", "region_id": "RegionOne", "url": "http://10.200.2.118/identity", "region": "RegionOne"}], "id": "8ce5bc8cf60b4facb0542c4a2ea47dcd", "type": "identity", "name": "keystone"}, {"endpoints": [{"id": "075304d7af0b40b9a0c68777b6de049f", "interface": "public", "region_id": "RegionOne", "url": "http://10.200.2.118/image", "region": "RegionOne"}], "id": "9389f78965314b90a351f434ad88b90e", "type": "image", "name": "glance"}, {"endpoints": [{"id": "d076564a7a1e4ee7bc0a883f16c2f4d4", "interface": "public", "region_id": "RegionOne", "url": "http://10.200.2.118/volume/v3/1fb199ee64bc41249ab27e5b4f6eb66b", "region": "RegionOne"}], "id": "e0e9819abdd2467ab7f908d9102f638a", "type": "block-storage", "name": "cinder"}, {"endpoints": [{"id": "ebd3a2b06c5342d69cc7bdd30a42c6c0", "interface": "public", "region_id": "RegionOne", "url": "http://10.200.2.118/placement", "region": "RegionOne"}], "id": "e3c7a0b4085e409b8fa16439a047847e", "type": "placement", "name": "placement"}, {"endpoints": [{"id": "950b0b0450994d8f812c7faef7f3fe3c", "interface": "public", "region_id": "RegionOne", "url": "http://10.200.2.118/volume/v3/1fb199ee64bc41249ab27e5b4f6eb66b", "region": "RegionOne"}], "id": "e51059285ce9441aa70fdc323e2c0505", "type": "volumev3", "name": "cinderv3"}]}}'
2022-09-22 20:47:34,890 4034425 INFO     [tempest.lib.common.fixed_network] (VolumesNegativeTest:test_attach_volumes_with_nonexistent_volume_id) Found network None available for tenant



======
Totals
======
Ran: 210 tests in 2382.2940 sec.
 - Passed: 200
 - Skipped: 9
 - Expected Fail: 0
 - Unexpected Success: 0
 - Failed: 1
Sum of execute time for each test: 1805.3444 sec.

==============
Worker Balance
==============
 - Worker 0 (210 tests) => 0:39:42.293963
